Release 14.5 Map P.58f (nt)
Xilinx Mapping Report File for Design 'Process'

Design Information
------------------
Command Line   : map -intstyle ise -p xc3s400-tq144-5 -cm area -ir off -pr off
-c 100 -o Process_map.ncd Process.ngd Process.pcf 
Target Device  : xc3s400
Target Package : tq144
Target Speed   : -5
Mapper Version : spartan3 -- $Revision: 1.55 $
Mapped Date    : Sun Dec 17 17:37:28 2017

Design Summary
--------------
Number of errors:      0
Number of warnings:   24
Logic Utilization:
  Number of Slice Flip Flops:            86 out of   7,168    1%
  Number of 4 input LUTs:               177 out of   7,168    2%
Logic Distribution:
  Number of occupied Slices:            120 out of   3,584    3%
    Number of Slices containing only related logic:     120 out of     120 100%
    Number of Slices containing unrelated logic:          0 out of     120   0%
      *See NOTES below for an explanation of the effects of unrelated logic.
  Total Number of 4 input LUTs:         177 out of   7,168    2%
    Number used as logic:               145
    Number used for Dual Port RAMs:      32
      (Two LUTs used per Dual Port RAM)

  The Slice Logic Distribution report is not meaningful if the design is
  over-mapped for a non-slice resource or if Placement fails.

  Number of bonded IOBs:                 18 out of      97   18%
  Number of RAMB16s:                      1 out of      16    6%
  Number of BUFGMUXs:                     1 out of       8   12%

Average Fanout of Non-Clock Nets:                3.53

Peak Memory Usage:  398 MB
Total REAL time to MAP completion:  1 secs 
Total CPU time to MAP completion:   1 secs 

NOTES:

   Related logic is defined as being logic that shares connectivity - e.g. two
   LUTs are "related" if they share common inputs.  When assembling slices,
   Map gives priority to combine logic that is related.  Doing so results in
   the best timing performance.

   Unrelated logic shares no connectivity.  Map will only begin packing
   unrelated logic into a slice once 99% of the slices are occupied through
   related logic packing.

   Note that once logic distribution reaches the 99% level through related
   logic packing, this does not mean the device is completely utilized.
   Unrelated logic packing will then begin, continuing until all usable LUTs
   and FFs are occupied.  Depending on your timing budget, increased levels of
   unrelated logic packing may adversely affect the overall timing performance
   of your design.

Table of Contents
-----------------
Section 1 - Errors
Section 2 - Warnings
Section 3 - Informational
Section 4 - Removed Logic Summary
Section 5 - Removed Logic
Section 6 - IOB Properties
Section 7 - RPMs
Section 8 - Guide Report
Section 9 - Area Group and Partition Summary
Section 10 - Timing Report
Section 11 - Configuration String Information
Section 12 - Control Set Information
Section 13 - Utilization by Hierarchy

Section 1 - Errors
------------------

Section 2 - Warnings
--------------------
WARNING:PhysDesignRules:812 - Dangling pin <DOB2> on
   block:<IMEM/U0/xst_blk_mem_generator/gnativebmg.native_blk_mem_gen/valid.cstr
   /ramloop[0].ram.r/s3_init.ram/spram.ram.B>:<RAMB16_RAMB16B>.
WARNING:PhysDesignRules:812 - Dangling pin <DOB3> on
   block:<IMEM/U0/xst_blk_mem_generator/gnativebmg.native_blk_mem_gen/valid.cstr
   /ramloop[0].ram.r/s3_init.ram/spram.ram.B>:<RAMB16_RAMB16B>.
WARNING:PhysDesignRules:812 - Dangling pin <DOB4> on
   block:<IMEM/U0/xst_blk_mem_generator/gnativebmg.native_blk_mem_gen/valid.cstr
   /ramloop[0].ram.r/s3_init.ram/spram.ram.B>:<RAMB16_RAMB16B>.
WARNING:PhysDesignRules:812 - Dangling pin <DOB5> on
   block:<IMEM/U0/xst_blk_mem_generator/gnativebmg.native_blk_mem_gen/valid.cstr
   /ramloop[0].ram.r/s3_init.ram/spram.ram.B>:<RAMB16_RAMB16B>.
WARNING:PhysDesignRules:812 - Dangling pin <DOB6> on
   block:<IMEM/U0/xst_blk_mem_generator/gnativebmg.native_blk_mem_gen/valid.cstr
   /ramloop[0].ram.r/s3_init.ram/spram.ram.B>:<RAMB16_RAMB16B>.
WARNING:PhysDesignRules:812 - Dangling pin <DOB7> on
   block:<IMEM/U0/xst_blk_mem_generator/gnativebmg.native_blk_mem_gen/valid.cstr
   /ramloop[0].ram.r/s3_init.ram/spram.ram.B>:<RAMB16_RAMB16B>.
WARNING:PhysDesignRules:812 - Dangling pin <DOB10> on
   block:<IMEM/U0/xst_blk_mem_generator/gnativebmg.native_blk_mem_gen/valid.cstr
   /ramloop[0].ram.r/s3_init.ram/spram.ram.B>:<RAMB16_RAMB16B>.
WARNING:PhysDesignRules:812 - Dangling pin <DOB11> on
   block:<IMEM/U0/xst_blk_mem_generator/gnativebmg.native_blk_mem_gen/valid.cstr
   /ramloop[0].ram.r/s3_init.ram/spram.ram.B>:<RAMB16_RAMB16B>.
WARNING:PhysDesignRules:812 - Dangling pin <DOB12> on
   block:<IMEM/U0/xst_blk_mem_generator/gnativebmg.native_blk_mem_gen/valid.cstr
   /ramloop[0].ram.r/s3_init.ram/spram.ram.B>:<RAMB16_RAMB16B>.
WARNING:PhysDesignRules:812 - Dangling pin <DOB13> on
   block:<IMEM/U0/xst_blk_mem_generator/gnativebmg.native_blk_mem_gen/valid.cstr
   /ramloop[0].ram.r/s3_init.ram/spram.ram.B>:<RAMB16_RAMB16B>.
WARNING:PhysDesignRules:812 - Dangling pin <DOB14> on
   block:<IMEM/U0/xst_blk_mem_generator/gnativebmg.native_blk_mem_gen/valid.cstr
   /ramloop[0].ram.r/s3_init.ram/spram.ram.B>:<RAMB16_RAMB16B>.
WARNING:PhysDesignRules:812 - Dangling pin <DOB15> on
   block:<IMEM/U0/xst_blk_mem_generator/gnativebmg.native_blk_mem_gen/valid.cstr
   /ramloop[0].ram.r/s3_init.ram/spram.ram.B>:<RAMB16_RAMB16B>.
WARNING:PhysDesignRules:812 - Dangling pin <DOB18> on
   block:<IMEM/U0/xst_blk_mem_generator/gnativebmg.native_blk_mem_gen/valid.cstr
   /ramloop[0].ram.r/s3_init.ram/spram.ram.B>:<RAMB16_RAMB16B>.
WARNING:PhysDesignRules:812 - Dangling pin <DOB19> on
   block:<IMEM/U0/xst_blk_mem_generator/gnativebmg.native_blk_mem_gen/valid.cstr
   /ramloop[0].ram.r/s3_init.ram/spram.ram.B>:<RAMB16_RAMB16B>.
WARNING:PhysDesignRules:812 - Dangling pin <DOB20> on
   block:<IMEM/U0/xst_blk_mem_generator/gnativebmg.native_blk_mem_gen/valid.cstr
   /ramloop[0].ram.r/s3_init.ram/spram.ram.B>:<RAMB16_RAMB16B>.
WARNING:PhysDesignRules:812 - Dangling pin <DOB21> on
   block:<IMEM/U0/xst_blk_mem_generator/gnativebmg.native_blk_mem_gen/valid.cstr
   /ramloop[0].ram.r/s3_init.ram/spram.ram.B>:<RAMB16_RAMB16B>.
WARNING:PhysDesignRules:812 - Dangling pin <DOB22> on
   block:<IMEM/U0/xst_blk_mem_generator/gnativebmg.native_blk_mem_gen/valid.cstr
   /ramloop[0].ram.r/s3_init.ram/spram.ram.B>:<RAMB16_RAMB16B>.
WARNING:PhysDesignRules:812 - Dangling pin <DOB23> on
   block:<IMEM/U0/xst_blk_mem_generator/gnativebmg.native_blk_mem_gen/valid.cstr
   /ramloop[0].ram.r/s3_init.ram/spram.ram.B>:<RAMB16_RAMB16B>.
WARNING:PhysDesignRules:812 - Dangling pin <DOB26> on
   block:<IMEM/U0/xst_blk_mem_generator/gnativebmg.native_blk_mem_gen/valid.cstr
   /ramloop[0].ram.r/s3_init.ram/spram.ram.B>:<RAMB16_RAMB16B>.
WARNING:PhysDesignRules:812 - Dangling pin <DOB27> on
   block:<IMEM/U0/xst_blk_mem_generator/gnativebmg.native_blk_mem_gen/valid.cstr
   /ramloop[0].ram.r/s3_init.ram/spram.ram.B>:<RAMB16_RAMB16B>.
WARNING:PhysDesignRules:812 - Dangling pin <DOB28> on
   block:<IMEM/U0/xst_blk_mem_generator/gnativebmg.native_blk_mem_gen/valid.cstr
   /ramloop[0].ram.r/s3_init.ram/spram.ram.B>:<RAMB16_RAMB16B>.
WARNING:PhysDesignRules:812 - Dangling pin <DOB29> on
   block:<IMEM/U0/xst_blk_mem_generator/gnativebmg.native_blk_mem_gen/valid.cstr
   /ramloop[0].ram.r/s3_init.ram/spram.ram.B>:<RAMB16_RAMB16B>.
WARNING:PhysDesignRules:812 - Dangling pin <DOB30> on
   block:<IMEM/U0/xst_blk_mem_generator/gnativebmg.native_blk_mem_gen/valid.cstr
   /ramloop[0].ram.r/s3_init.ram/spram.ram.B>:<RAMB16_RAMB16B>.
WARNING:PhysDesignRules:812 - Dangling pin <DOB31> on
   block:<IMEM/U0/xst_blk_mem_generator/gnativebmg.native_blk_mem_gen/valid.cstr
   /ramloop[0].ram.r/s3_init.ram/spram.ram.B>:<RAMB16_RAMB16B>.

Section 3 - Informational
-------------------------
INFO:LIT:243 - Logical network Mram_REGFILE1/SPO has no load.
INFO:LIT:395 - The above info message is repeated 15 more times for the
   following (max. 5 shown):
   Mram_REGFILE2/SPO,
   Mram_REGFILE3/SPO,
   Mram_REGFILE4/SPO,
   Mram_REGFILE5/SPO,
   Mram_REGFILE6/SPO
   To see the details of these info messages, please use the -detail switch.
INFO:MapLib:562 - No environment variables are currently set.
INFO:LIT:244 - All of the single ended outputs in this design are using slew
   rate limited output drivers. The delay on speed critical single ended outputs
   can be dramatically reduced by designating them as fast outputs.

Section 4 - Removed Logic Summary
---------------------------------
   2 block(s) optimized away

Section 5 - Removed Logic
-------------------------

Optimized Block(s):
TYPE 		BLOCK
GND 		IMEM/XST_GND
VCC 		IMEM/XST_VCC

To enable printing of redundant blocks removed and signals merged, set the
detailed map report option and rerun map.

Section 6 - IOB Properties
--------------------------

+---------------------------------------------------------------------------------------------------------------------------------------------------------+
| IOB Name                           | Type             | Direction | IO Standard          | Diff  | Drive    | Slew | Reg (s)      | Resistor | IOB      |
|                                    |                  |           |                      | Term  | Strength | Rate |              |          | Delay    |
+---------------------------------------------------------------------------------------------------------------------------------------------------------+
| PC<0>                              | IOB              | OUTPUT    | LVCMOS25             |       | 12       | SLOW |              |          |          |
| PC<1>                              | IOB              | OUTPUT    | LVCMOS25             |       | 12       | SLOW |              |          |          |
| PC<2>                              | IOB              | OUTPUT    | LVCMOS25             |       | 12       | SLOW |              |          |          |
| PC<3>                              | IOB              | OUTPUT    | LVCMOS25             |       | 12       | SLOW |              |          |          |
| PC<4>                              | IOB              | OUTPUT    | LVCMOS25             |       | 12       | SLOW |              |          |          |
| PC<5>                              | IOB              | OUTPUT    | LVCMOS25             |       | 12       | SLOW |              |          |          |
| PC<6>                              | IOB              | OUTPUT    | LVCMOS25             |       | 12       | SLOW |              |          |          |
| PC<7>                              | IOB              | OUTPUT    | LVCMOS25             |       | 12       | SLOW |              |          |          |
| clk                                | IOB              | INPUT     | LVCMOS25             |       |          |      |              |          |          |
| out<0>                             | IOB              | OUTPUT    | LVCMOS25             |       | 12       | SLOW |              |          |          |
| out<1>                             | IOB              | OUTPUT    | LVCMOS25             |       | 12       | SLOW |              |          |          |
| out<2>                             | IOB              | OUTPUT    | LVCMOS25             |       | 12       | SLOW |              |          |          |
| out<3>                             | IOB              | OUTPUT    | LVCMOS25             |       | 12       | SLOW |              |          |          |
| out<4>                             | IOB              | OUTPUT    | LVCMOS25             |       | 12       | SLOW |              |          |          |
| out<5>                             | IOB              | OUTPUT    | LVCMOS25             |       | 12       | SLOW |              |          |          |
| out<6>                             | IOB              | OUTPUT    | LVCMOS25             |       | 12       | SLOW |              |          |          |
| out<7>                             | IOB              | OUTPUT    | LVCMOS25             |       | 12       | SLOW |              |          |          |
| rst                                | IOB              | INPUT     | LVCMOS25             |       |          |      |              |          |          |
+---------------------------------------------------------------------------------------------------------------------------------------------------------+

Section 7 - RPMs
----------------

Section 8 - Guide Report
------------------------
Guide not run on this design.

Section 9 - Area Group and Partition Summary
--------------------------------------------

Partition Implementation Status
-------------------------------

  No Partitions were found in this design.

-------------------------------

Area Group Information
----------------------

  No area groups were found in this design.

----------------------

Section 10 - Timing Report
--------------------------
This design was not run using timing mode.

Section 11 - Configuration String Details
-----------------------------------------
Use the "-detail" map option to print out Configuration Strings

Section 12 - Control Set Information
------------------------------------
No control set information for this architecture.

Section 13 - Utilization by Hierarchy
-------------------------------------
Use the "-detail" map option to print out the Utilization by Hierarchy section.
